This is pdfTeX, Version 3.141592653-2.6-1.40.25 (TeX Live 2023) (preloaded format=pdflatex 2023.11.12)  26 MAY 2025 22:15
entering extended mode
 restricted \write18 enabled.
 file:line:error style messages enabled.
 %&-line parsing enabled.
**c:/Users/shahm/OneDrive/Documents/GitHub/Malaria-Treatment-Model/doc/report-4/report-4.tex
(c:/Users/shahm/OneDrive/Documents/GitHub/Malaria-Treatment-Model/doc/report-4/report-4.tex
LaTeX2e <2023-11-01>
L3 programming layer <2023-11-01>
(c:/texlive/2023/texmf-dist/tex/latex/base/article.cls
Document Class: article 2023/05/17 v1.4n Standard LaTeX document class
(c:/texlive/2023/texmf-dist/tex/latex/base/size11.clo
File: size11.clo 2023/05/17 v1.4n Standard LaTeX file (size option)
)
\c@part=\count186
\c@section=\count187
\c@subsection=\count188
\c@subsubsection=\count189
\c@paragraph=\count190
\c@subparagraph=\count191
\c@figure=\count192
\c@table=\count193
\abovecaptionskip=\skip48
\belowcaptionskip=\skip49
\bibindent=\dimen140
) (c:/texlive/2023/texmf-dist/tex/latex/amsmath/amsmath.sty
Package: amsmath 2023/05/13 v2.17o AMS math features
\@mathmargin=\skip50

For additional information on amsmath, use the `?' option.
(c:/texlive/2023/texmf-dist/tex/latex/amsmath/amstext.sty
Package: amstext 2021/08/26 v2.01 AMS text
 (c:/texlive/2023/texmf-dist/tex/latex/amsmath/amsgen.sty
File: amsgen.sty 1999/11/30 v2.0 generic functions
\@emptytoks=\toks17
\ex@=\dimen141
)) (c:/texlive/2023/texmf-dist/tex/latex/amsmath/amsbsy.sty
Package: amsbsy 1999/11/29 v1.2d Bold Symbols
\pmbraise@=\dimen142
) (c:/texlive/2023/texmf-dist/tex/latex/amsmath/amsopn.sty
Package: amsopn 2022/04/08 v2.04 operator names
)
\inf@bad=\count194
LaTeX Info: Redefining \frac on input line 234.
\uproot@=\count195
\leftroot@=\count196
LaTeX Info: Redefining \overline on input line 399.
LaTeX Info: Redefining \colon on input line 410.
\classnum@=\count197
\DOTSCASE@=\count198
LaTeX Info: Redefining \ldots on input line 496.
LaTeX Info: Redefining \dots on input line 499.
LaTeX Info: Redefining \cdots on input line 620.
\Mathstrutbox@=\box51
\strutbox@=\box52
LaTeX Info: Redefining \big on input line 722.
LaTeX Info: Redefining \Big on input line 723.
LaTeX Info: Redefining \bigg on input line 724.
LaTeX Info: Redefining \Bigg on input line 725.
\big@size=\dimen143
LaTeX Font Info:    Redeclaring font encoding OML on input line 743.
LaTeX Font Info:    Redeclaring font encoding OMS on input line 744.
\macc@depth=\count199
LaTeX Info: Redefining \bmod on input line 905.
LaTeX Info: Redefining \pmod on input line 910.
LaTeX Info: Redefining \smash on input line 940.
LaTeX Info: Redefining \relbar on input line 970.
LaTeX Info: Redefining \Relbar on input line 971.
\c@MaxMatrixCols=\count266
\dotsspace@=\muskip16
\c@parentequation=\count267
\dspbrk@lvl=\count268
\tag@help=\toks18
\row@=\count269
\column@=\count270
\maxfields@=\count271
\andhelp@=\toks19
\eqnshift@=\dimen144
\alignsep@=\dimen145
\tagshift@=\dimen146
\tagwidth@=\dimen147
\totwidth@=\dimen148
\lineht@=\dimen149
\@envbody=\toks20
\multlinegap=\skip51
\multlinetaggap=\skip52
\mathdisplay@stack=\toks21
LaTeX Info: Redefining \[ on input line 2953.
LaTeX Info: Redefining \] on input line 2954.
) (c:/texlive/2023/texmf-dist/tex/latex/amsfonts/amssymb.sty
Package: amssymb 2013/01/14 v3.01 AMS font symbols
 (c:/texlive/2023/texmf-dist/tex/latex/amsfonts/amsfonts.sty
Package: amsfonts 2013/01/14 v3.01 Basic AMSFonts support
\symAMSa=\mathgroup4
\symAMSb=\mathgroup5
LaTeX Font Info:    Redeclaring math symbol \hbar on input line 98.
LaTeX Font Info:    Overwriting math alphabet `\mathfrak' in version `bold'
(Font)                  U/euf/m/n --> U/euf/b/n on input line 106.
)) (c:/texlive/2023/texmf-dist/tex/latex/amscls/amsthm.sty
Package: amsthm 2020/05/29 v2.20.6
\thm@style=\toks22
\thm@bodyfont=\toks23
\thm@headfont=\toks24
\thm@notefont=\toks25
\thm@headpunct=\toks26
\thm@preskip=\skip53
\thm@postskip=\skip54
\thm@headsep=\skip55
\dth@everypar=\toks27
) (c:/texlive/2023/texmf-dist/tex/latex/geometry/geometry.sty
Package: geometry 2020/01/02 v5.9 Page Geometry
 (c:/texlive/2023/texmf-dist/tex/latex/graphics/keyval.sty
Package: keyval 2022/05/29 v1.15 key=value parser (DPC)
\KV@toks@=\toks28
) (c:/texlive/2023/texmf-dist/tex/generic/iftex/ifvtex.sty
Package: ifvtex 2019/10/25 v1.7 ifvtex legacy package. Use iftex instead.
 (c:/texlive/2023/texmf-dist/tex/generic/iftex/iftex.sty
Package: iftex 2022/02/03 v1.0f TeX engine tests
))
\Gm@cnth=\count272
\Gm@cntv=\count273
\c@Gm@tempcnt=\count274
\Gm@bindingoffset=\dimen150
\Gm@wd@mp=\dimen151
\Gm@odd@mp=\dimen152
\Gm@even@mp=\dimen153
\Gm@layoutwidth=\dimen154
\Gm@layoutheight=\dimen155
\Gm@layouthoffset=\dimen156
\Gm@layoutvoffset=\dimen157
\Gm@dimlist=\toks29
) (c:/texlive/2023/texmf-dist/tex/latex/graphics/graphicx.sty
Package: graphicx 2021/09/16 v1.2d Enhanced LaTeX Graphics (DPC,SPQR)
 (c:/texlive/2023/texmf-dist/tex/latex/graphics/graphics.sty
Package: graphics 2022/03/10 v1.4e Standard LaTeX Graphics (DPC,SPQR)
 (c:/texlive/2023/texmf-dist/tex/latex/graphics/trig.sty
Package: trig 2021/08/11 v1.11 sin cos tan (DPC)
) (c:/texlive/2023/texmf-dist/tex/latex/graphics-cfg/graphics.cfg
File: graphics.cfg 2016/06/04 v1.11 sample graphics configuration
)
Package graphics Info: Driver file: pdftex.def on input line 107.
 (c:/texlive/2023/texmf-dist/tex/latex/graphics-def/pdftex.def
File: pdftex.def 2022/09/22 v1.2b Graphics/color driver for pdftex
))
\Gin@req@height=\dimen158
\Gin@req@width=\dimen159
) (c:/texlive/2023/texmf-dist/tex/latex/booktabs/booktabs.sty
Package: booktabs 2020/01/12 v1.61803398 Publication quality tables
\heavyrulewidth=\dimen160
\lightrulewidth=\dimen161
\cmidrulewidth=\dimen162
\belowrulesep=\dimen163
\belowbottomsep=\dimen164
\aboverulesep=\dimen165
\abovetopsep=\dimen166
\cmidrulesep=\dimen167
\cmidrulekern=\dimen168
\defaultaddspace=\dimen169
\@cmidla=\count275
\@cmidlb=\count276
\@aboverulesep=\dimen170
\@belowrulesep=\dimen171
\@thisruleclass=\count277
\@lastruleclass=\count278
\@thisrulewidth=\dimen172
) (c:/texlive/2023/texmf-dist/tex/latex/float/float.sty
Package: float 2001/11/08 v1.3d Float enhancements (AL)
\c@float@type=\count279
\float@exts=\toks30
\float@box=\box53
\@float@everytoks=\toks31
\@floatcapt=\box54
) (c:/texlive/2023/texmf-dist/tex/latex/l3backend/l3backend-pdftex.def
File: l3backend-pdftex.def 2023-11-04 L3 backend support: PDF output (pdfTeX)
\l__color_backend_stack_int=\count280
\l__pdf_internal_box=\box55
) (./report-4.aux)
\openout1 = `report-4.aux'.

LaTeX Font Info:    Checking defaults for OML/cmm/m/it on input line 12.
LaTeX Font Info:    ... okay on input line 12.
LaTeX Font Info:    Checking defaults for OMS/cmsy/m/n on input line 12.
LaTeX Font Info:    ... okay on input line 12.
LaTeX Font Info:    Checking defaults for OT1/cmr/m/n on input line 12.
LaTeX Font Info:    ... okay on input line 12.
LaTeX Font Info:    Checking defaults for T1/cmr/m/n on input line 12.
LaTeX Font Info:    ... okay on input line 12.
LaTeX Font Info:    Checking defaults for TS1/cmr/m/n on input line 12.
LaTeX Font Info:    ... okay on input line 12.
LaTeX Font Info:    Checking defaults for OMX/cmex/m/n on input line 12.
LaTeX Font Info:    ... okay on input line 12.
LaTeX Font Info:    Checking defaults for U/cmr/m/n on input line 12.
LaTeX Font Info:    ... okay on input line 12.

*geometry* driver: auto-detecting
*geometry* detected driver: pdftex
*geometry* verbose mode - [ preamble ] result:
* driver: pdftex
* paper: <default>
* layout: <same size as paper>
* layoutoffset:(h,v)=(0.0pt,0.0pt)
* modes: 
* h-part:(L,W,R)=(92.14519pt, 430.00462pt, 92.14519pt)
* v-part:(T,H,B)=(95.39737pt, 556.47656pt, 143.09605pt)
* \paperwidth=614.295pt
* \paperheight=794.96999pt
* \textwidth=430.00462pt
* \textheight=556.47656pt
* \oddsidemargin=19.8752pt
* \evensidemargin=19.8752pt
* \topmargin=-13.87262pt
* \headheight=12.0pt
* \headsep=25.0pt
* \topskip=11.0pt
* \footskip=30.0pt
* \marginparwidth=59.0pt
* \marginparsep=10.0pt
* \columnsep=10.0pt
* \skip\footins=10.0pt plus 4.0pt minus 2.0pt
* \hoffset=0.0pt
* \voffset=0.0pt
* \mag=1000
* \@twocolumnfalse
* \@twosidefalse
* \@mparswitchfalse
* \@reversemarginfalse
* (1in=72.27pt=25.4mm, 1cm=28.453pt)

(c:/texlive/2023/texmf-dist/tex/context/base/mkii/supp-pdf.mkii
[Loading MPS to PDF converter (version 2006.09.02).]
\scratchcounter=\count281
\scratchdimen=\dimen173
\scratchbox=\box56
\nofMPsegments=\count282
\nofMParguments=\count283
\everyMPshowfont=\toks32
\MPscratchCnt=\count284
\MPscratchDim=\dimen174
\MPnumerator=\count285
\makeMPintoPDFobject=\count286
\everyMPtoPDFconversion=\toks33
) (c:/texlive/2023/texmf-dist/tex/latex/epstopdf-pkg/epstopdf-base.sty
Package: epstopdf-base 2020-01-24 v2.11 Base part for package epstopdf
Package epstopdf-base Info: Redefining graphics rule for `.eps' on input line 485.
 (c:/texlive/2023/texmf-dist/tex/latex/latexconfig/epstopdf-sys.cfg
File: epstopdf-sys.cfg 2010/07/13 v1.3 Configuration of (r)epstopdf for TeX Live
))
LaTeX Font Info:    Trying to load font information for U+msa on input line 13.
 (c:/texlive/2023/texmf-dist/tex/latex/amsfonts/umsa.fd
File: umsa.fd 2013/01/14 v3.01 AMS symbols A
)
LaTeX Font Info:    Trying to load font information for U+msb on input line 13.
 (c:/texlive/2023/texmf-dist/tex/latex/amsfonts/umsb.fd
File: umsb.fd 2013/01/14 v3.01 AMS symbols B
) [1

{c:/texlive/2023/texmf-var/fonts/map/pdftex/updmap/pdftex.map}] [2] [3] [4]
<../../fig/model_dynamics.pdf, id=30, 702.625pt x 572.1375pt>
File: ../../fig/model_dynamics.pdf Graphic file (type pdf)
<use ../../fig/model_dynamics.pdf>
Package pdftex.def Info: ../../fig/model_dynamics.pdf  used on input line 192.
(pdftex.def)             Requested size: 344.005pt x 280.12283pt.
 [5]
<../../fig/brn_txh_heatmap.pdf, id=34, 602.25pt x 501.875pt>
File: ../../fig/brn_txh_heatmap.pdf Graphic file (type pdf)
<use ../../fig/brn_txh_heatmap.pdf>
Package pdftex.def Info: ../../fig/brn_txh_heatmap.pdf  used on input line 200.
(pdftex.def)             Requested size: 171.99922pt x 143.33452pt.
<../../fig/brn_txh_heatmap_rev.pdf, id=35, 602.25pt x 501.875pt>
File: ../../fig/brn_txh_heatmap_rev.pdf Graphic file (type pdf)
<use ../../fig/brn_txh_heatmap_rev.pdf>
Package pdftex.def Info: ../../fig/brn_txh_heatmap_rev.pdf  used on input line 201.
(pdftex.def)             Requested size: 171.99922pt x 143.33452pt.
 [6 <../../fig/model_dynamics.pdf>]
<../../fig/brn_smxst_heatmap.pdf, id=40, 602.25pt x 501.875pt>
File: ../../fig/brn_smxst_heatmap.pdf Graphic file (type pdf)
<use ../../fig/brn_smxst_heatmap.pdf>
Package pdftex.def Info: ../../fig/brn_smxst_heatmap.pdf  used on input line 207.
(pdftex.def)             Requested size: 171.99922pt x 143.33452pt.
<../../fig/brn_smxst_heatmap_rev.pdf, id=41, 602.25pt x 501.875pt>
File: ../../fig/brn_smxst_heatmap_rev.pdf Graphic file (type pdf)
<use ../../fig/brn_smxst_heatmap_rev.pdf>
Package pdftex.def Info: ../../fig/brn_smxst_heatmap_rev.pdf  used on input line 208.
(pdftex.def)             Requested size: 171.99922pt x 143.33452pt.
<../../fig/Ih_txh.pdf, id=42, 602.25pt x 501.875pt>
File: ../../fig/Ih_txh.pdf Graphic file (type pdf)
<use ../../fig/Ih_txh.pdf>
Package pdftex.def Info: ../../fig/Ih_txh.pdf  used on input line 214.
(pdftex.def)             Requested size: 171.99922pt x 143.33452pt.
<../../fig/Ih_txh_rev.pdf, id=43, 602.25pt x 501.875pt>
File: ../../fig/Ih_txh_rev.pdf Graphic file (type pdf)
<use ../../fig/Ih_txh_rev.pdf>
Package pdftex.def Info: ../../fig/Ih_txh_rev.pdf  used on input line 215.
(pdftex.def)             Requested size: 171.99922pt x 143.33452pt.
 [7 <../../fig/brn_txh_heatmap.pdf> <../../fig/brn_txh_heatmap_rev.pdf> <../../fig/brn_smxst_heatmap.pdf> <../../fig/brn_smxst_heatmap_rev.pdf>]
<../../fig/Ih_STxSM.pdf, id=52, 602.25pt x 501.875pt>
File: ../../fig/Ih_STxSM.pdf Graphic file (type pdf)
<use ../../fig/Ih_STxSM.pdf>
Package pdftex.def Info: ../../fig/Ih_STxSM.pdf  used on input line 221.
(pdftex.def)             Requested size: 171.99922pt x 143.33452pt.
<../../fig/Ih_STxSM_rev.pdf, id=53, 602.25pt x 501.875pt>
File: ../../fig/Ih_STxSM_rev.pdf Graphic file (type pdf)
<use ../../fig/Ih_STxSM_rev.pdf>
Package pdftex.def Info: ../../fig/Ih_STxSM_rev.pdf  used on input line 222.
(pdftex.def)             Requested size: 171.99922pt x 143.33452pt.
<../../fig/R0_rates_txh_1x1_uncal.pdf, id=54, 752.8125pt x 602.25pt>
File: ../../fig/R0_rates_txh_1x1_uncal.pdf Graphic file (type pdf)
<use ../../fig/R0_rates_txh_1x1_uncal.pdf>
Package pdftex.def Info: ../../fig/R0_rates_txh_1x1_uncal.pdf  used on input line 230.
(pdftex.def)             Requested size: 171.99922pt x 137.59563pt.
<../../fig/R0_periods_txh_1x1_uncal.pdf, id=55, 752.8125pt x 602.25pt>
File: ../../fig/R0_periods_txh_1x1_uncal.pdf Graphic file (type pdf)
<use ../../fig/R0_periods_txh_1x1_uncal.pdf>
Package pdftex.def Info: ../../fig/R0_periods_txh_1x1_uncal.pdf  used on input line 231.
(pdftex.def)             Requested size: 171.99922pt x 137.59563pt.
<../../fig/R0_rates_txh_2x2_uncal.pdf, id=56, 752.8125pt x 602.25pt>
File: ../../fig/R0_rates_txh_2x2_uncal.pdf Graphic file (type pdf)
<use ../../fig/R0_rates_txh_2x2_uncal.pdf>
Package pdftex.def Info: ../../fig/R0_rates_txh_2x2_uncal.pdf  used on input line 232.
(pdftex.def)             Requested size: 171.99922pt x 137.59563pt.
<../../fig/R0_periods_txh_2x2_uncal.pdf, id=57, 752.8125pt x 602.25pt>
File: ../../fig/R0_periods_txh_2x2_uncal.pdf Graphic file (type pdf)
<use ../../fig/R0_periods_txh_2x2_uncal.pdf>
Package pdftex.def Info: ../../fig/R0_periods_txh_2x2_uncal.pdf  used on input line 233.
(pdftex.def)             Requested size: 171.99922pt x 137.59563pt.
<../../fig/R0_rates_txh_4x4_uncal.pdf, id=58, 752.8125pt x 602.25pt>
File: ../../fig/R0_rates_txh_4x4_uncal.pdf Graphic file (type pdf)
<use ../../fig/R0_rates_txh_4x4_uncal.pdf>
Package pdftex.def Info: ../../fig/R0_rates_txh_4x4_uncal.pdf  used on input line 234.
(pdftex.def)             Requested size: 171.99922pt x 137.59563pt.
<../../fig/R0_periods_txh_4x4_uncal.pdf, id=59, 752.8125pt x 602.25pt>
File: ../../fig/R0_periods_txh_4x4_uncal.pdf Graphic file (type pdf)
<use ../../fig/R0_periods_txh_4x4_uncal.pdf>
Package pdftex.def Info: ../../fig/R0_periods_txh_4x4_uncal.pdf  used on input line 235.
(pdftex.def)             Requested size: 171.99922pt x 137.59563pt.
 [8 <../../fig/Ih_txh.pdf> <../../fig/Ih_txh_rev.pdf> <../../fig/Ih_STxSM.pdf> <../../fig/Ih_STxSM_rev.pdf>]
<../../fig/R0_rates_SMxST_1x1_uncal.pdf, id=67, 752.8125pt x 602.25pt>
File: ../../fig/R0_rates_SMxST_1x1_uncal.pdf Graphic file (type pdf)
<use ../../fig/R0_rates_SMxST_1x1_uncal.pdf>
Package pdftex.def Info: ../../fig/R0_rates_SMxST_1x1_uncal.pdf  used on input line 241.
(pdftex.def)             Requested size: 171.99922pt x 137.59563pt.
<../../fig/R0_periods_SMxST_1x1_uncal.pdf, id=68, 752.8125pt x 602.25pt>
File: ../../fig/R0_periods_SMxST_1x1_uncal.pdf Graphic file (type pdf)
<use ../../fig/R0_periods_SMxST_1x1_uncal.pdf>
Package pdftex.def Info: ../../fig/R0_periods_SMxST_1x1_uncal.pdf  used on input line 242.
(pdftex.def)             Requested size: 171.99922pt x 137.59563pt.
<../../fig/R0_rates_SMxST_2x2_uncal.pdf, id=69, 752.8125pt x 602.25pt>
File: ../../fig/R0_rates_SMxST_2x2_uncal.pdf Graphic file (type pdf)
<use ../../fig/R0_rates_SMxST_2x2_uncal.pdf>
Package pdftex.def Info: ../../fig/R0_rates_SMxST_2x2_uncal.pdf  used on input line 243.
(pdftex.def)             Requested size: 171.99922pt x 137.59563pt.
<../../fig/R0_periods_SMxST_2x2_uncal.pdf, id=70, 752.8125pt x 602.25pt>
File: ../../fig/R0_periods_SMxST_2x2_uncal.pdf Graphic file (type pdf)
<use ../../fig/R0_periods_SMxST_2x2_uncal.pdf>
Package pdftex.def Info: ../../fig/R0_periods_SMxST_2x2_uncal.pdf  used on input line 244.
(pdftex.def)             Requested size: 171.99922pt x 137.59563pt.
<../../fig/R0_rates_SMxST_4x4_uncal.pdf, id=71, 752.8125pt x 602.25pt>
File: ../../fig/R0_rates_SMxST_4x4_uncal.pdf Graphic file (type pdf)
<use ../../fig/R0_rates_SMxST_4x4_uncal.pdf>
Package pdftex.def Info: ../../fig/R0_rates_SMxST_4x4_uncal.pdf  used on input line 245.
(pdftex.def)             Requested size: 171.99922pt x 137.59563pt.
<../../fig/R0_periods_SMxST_4x4_uncal.pdf, id=72, 752.8125pt x 602.25pt>
File: ../../fig/R0_periods_SMxST_4x4_uncal.pdf Graphic file (type pdf)
<use ../../fig/R0_periods_SMxST_4x4_uncal.pdf>
Package pdftex.def Info: ../../fig/R0_periods_SMxST_4x4_uncal.pdf  used on input line 246.
(pdftex.def)             Requested size: 171.99922pt x 137.59563pt.
 [9 <../../fig/R0_rates_txh_1x1_uncal.pdf> <../../fig/R0_periods_txh_1x1_uncal.pdf> <../../fig/R0_rates_txh_2x2_uncal.pdf> <../../fig/R0_periods_txh_2x2_uncal.pdf> <../../fig/R0_rates_txh_4x4_uncal.pdf> <../../fig/R0_periods_txh_4x4_uncal.pdf>]
<../../fig/Ih_rates_txh_1x1_uncal.pdf, id=82, 752.8125pt x 602.25pt>
File: ../../fig/Ih_rates_txh_1x1_uncal.pdf Graphic file (type pdf)
<use ../../fig/Ih_rates_txh_1x1_uncal.pdf>
Package pdftex.def Info: ../../fig/Ih_rates_txh_1x1_uncal.pdf  used on input line 252.
(pdftex.def)             Requested size: 171.99922pt x 137.59563pt.
<../../fig/Ih_periods_txh_1x1_uncal.pdf, id=83, 752.8125pt x 602.25pt>
File: ../../fig/Ih_periods_txh_1x1_uncal.pdf Graphic file (type pdf)
<use ../../fig/Ih_periods_txh_1x1_uncal.pdf>
Package pdftex.def Info: ../../fig/Ih_periods_txh_1x1_uncal.pdf  used on input line 253.
(pdftex.def)             Requested size: 171.99922pt x 137.59563pt.
<../../fig/Ih_rates_txh_2x2_uncal.pdf, id=84, 752.8125pt x 602.25pt>
File: ../../fig/Ih_rates_txh_2x2_uncal.pdf Graphic file (type pdf)
<use ../../fig/Ih_rates_txh_2x2_uncal.pdf>
Package pdftex.def Info: ../../fig/Ih_rates_txh_2x2_uncal.pdf  used on input line 254.
(pdftex.def)             Requested size: 171.99922pt x 137.59563pt.
<../../fig/Ih_periods_txh_2x2_uncal.pdf, id=85, 752.8125pt x 602.25pt>
File: ../../fig/Ih_periods_txh_2x2_uncal.pdf Graphic file (type pdf)
<use ../../fig/Ih_periods_txh_2x2_uncal.pdf>
Package pdftex.def Info: ../../fig/Ih_periods_txh_2x2_uncal.pdf  used on input line 255.
(pdftex.def)             Requested size: 171.99922pt x 137.59563pt.
<../../fig/Ih_rates_txh_4x4_uncal.pdf, id=86, 752.8125pt x 602.25pt>
File: ../../fig/Ih_rates_txh_4x4_uncal.pdf Graphic file (type pdf)
<use ../../fig/Ih_rates_txh_4x4_uncal.pdf>
Package pdftex.def Info: ../../fig/Ih_rates_txh_4x4_uncal.pdf  used on input line 256.
(pdftex.def)             Requested size: 171.99922pt x 137.59563pt.
<../../fig/Ih_periods_txh_4x4_uncal.pdf, id=87, 752.8125pt x 602.25pt>
File: ../../fig/Ih_periods_txh_4x4_uncal.pdf Graphic file (type pdf)
<use ../../fig/Ih_periods_txh_4x4_uncal.pdf>
Package pdftex.def Info: ../../fig/Ih_periods_txh_4x4_uncal.pdf  used on input line 257.
(pdftex.def)             Requested size: 171.99922pt x 137.59563pt.
 [10 <../../fig/R0_rates_SMxST_1x1_uncal.pdf> <../../fig/R0_periods_SMxST_1x1_uncal.pdf> <../../fig/R0_rates_SMxST_2x2_uncal.pdf> <../../fig/R0_periods_SMxST_2x2_uncal.pdf> <../../fig/R0_rates_SMxST_4x4_uncal.pdf> <../../fig/R0_periods_SMxST_4x4_uncal.pdf>]
<../../fig/Ih_rates_SMxST_1x1_uncal.pdf, id=97, 752.8125pt x 602.25pt>
File: ../../fig/Ih_rates_SMxST_1x1_uncal.pdf Graphic file (type pdf)
<use ../../fig/Ih_rates_SMxST_1x1_uncal.pdf>
Package pdftex.def Info: ../../fig/Ih_rates_SMxST_1x1_uncal.pdf  used on input line 263.
(pdftex.def)             Requested size: 171.99922pt x 137.59563pt.
<../../fig/Ih_periods_SMxST_1x1_uncal.pdf, id=98, 752.8125pt x 602.25pt>
File: ../../fig/Ih_periods_SMxST_1x1_uncal.pdf Graphic file (type pdf)
<use ../../fig/Ih_periods_SMxST_1x1_uncal.pdf>
Package pdftex.def Info: ../../fig/Ih_periods_SMxST_1x1_uncal.pdf  used on input line 264.
(pdftex.def)             Requested size: 171.99922pt x 137.59563pt.
<../../fig/Ih_rates_SMxST_2x2_uncal.pdf, id=99, 752.8125pt x 602.25pt>
File: ../../fig/Ih_rates_SMxST_2x2_uncal.pdf Graphic file (type pdf)
<use ../../fig/Ih_rates_SMxST_2x2_uncal.pdf>
Package pdftex.def Info: ../../fig/Ih_rates_SMxST_2x2_uncal.pdf  used on input line 265.
(pdftex.def)             Requested size: 171.99922pt x 137.59563pt.
<../../fig/Ih_periods_SMxST_2x2_uncal.pdf, id=100, 752.8125pt x 602.25pt>
File: ../../fig/Ih_periods_SMxST_2x2_uncal.pdf Graphic file (type pdf)
<use ../../fig/Ih_periods_SMxST_2x2_uncal.pdf>
Package pdftex.def Info: ../../fig/Ih_periods_SMxST_2x2_uncal.pdf  used on input line 266.
(pdftex.def)             Requested size: 171.99922pt x 137.59563pt.
<../../fig/Ih_rates_SMxST_4x4_uncal.pdf, id=101, 752.8125pt x 602.25pt>
File: ../../fig/Ih_rates_SMxST_4x4_uncal.pdf Graphic file (type pdf)
<use ../../fig/Ih_rates_SMxST_4x4_uncal.pdf>
Package pdftex.def Info: ../../fig/Ih_rates_SMxST_4x4_uncal.pdf  used on input line 267.
(pdftex.def)             Requested size: 171.99922pt x 137.59563pt.
<../../fig/Ih_periods_SMxST_4x4_uncal.pdf, id=102, 752.8125pt x 602.25pt>
File: ../../fig/Ih_periods_SMxST_4x4_uncal.pdf Graphic file (type pdf)
<use ../../fig/Ih_periods_SMxST_4x4_uncal.pdf>
Package pdftex.def Info: ../../fig/Ih_periods_SMxST_4x4_uncal.pdf  used on input line 268.
(pdftex.def)             Requested size: 171.99922pt x 137.59563pt.
 [11 <../../fig/IH_rates_txh_1x1_uncal.pdf> <../../fig/IH_periods_txh_1x1_uncal.pdf> <../../fig/IH_rates_txh_2x2_uncal.pdf> <../../fig/IH_periods_txh_2x2_uncal.pdf> <../../fig/IH_rates_txh_4x4_uncal.pdf> <../../fig/IH_periods_txh_4x4_uncal.pdf>] [12 <../../fig/IH_rates_SMxST_1x1_uncal.pdf> <../../fig/IH_periods_SMxST_1x1_uncal.pdf> <../../fig/IH_rates_SMxST_2x2_uncal.pdf> <../../fig/IH_periods_SMxST_2x2_uncal.pdf> <../../fig/IH_rates_SMxST_4x4_uncal.pdf> <../../fig/IH_periods_SMxST_4x4_uncal.pdf>]
<../../fig/a_cal_PLT.pdf, id=121, 752.8125pt x 602.25pt>
File: ../../fig/a_cal_PLT.pdf Graphic file (type pdf)
<use ../../fig/a_cal_PLT.pdf>
Package pdftex.def Info: ../../fig/a_cal_PLT.pdf  used on input line 276.
(pdftex.def)             Requested size: 344.005pt x 275.20963pt.
<../../fig/R0_rates_txh_1x1_cal.pdf, id=122, 752.8125pt x 602.25pt>
File: ../../fig/R0_rates_txh_1x1_cal.pdf Graphic file (type pdf)
<use ../../fig/R0_rates_txh_1x1_cal.pdf>
Package pdftex.def Info: ../../fig/R0_rates_txh_1x1_cal.pdf  used on input line 284.
(pdftex.def)             Requested size: 171.99922pt x 137.59563pt.
<../../fig/R0_periods_txh_1x1_cal.pdf, id=123, 752.8125pt x 602.25pt>
File: ../../fig/R0_periods_txh_1x1_cal.pdf Graphic file (type pdf)
<use ../../fig/R0_periods_txh_1x1_cal.pdf>
Package pdftex.def Info: ../../fig/R0_periods_txh_1x1_cal.pdf  used on input line 285.
(pdftex.def)             Requested size: 171.99922pt x 137.59563pt.
<../../fig/R0_rates_txh_2x2_cal.pdf, id=124, 752.8125pt x 602.25pt>
File: ../../fig/R0_rates_txh_2x2_cal.pdf Graphic file (type pdf)
<use ../../fig/R0_rates_txh_2x2_cal.pdf>
Package pdftex.def Info: ../../fig/R0_rates_txh_2x2_cal.pdf  used on input line 286.
(pdftex.def)             Requested size: 171.99922pt x 137.59563pt.
<../../fig/R0_periods_txh_2x2_cal.pdf, id=125, 752.8125pt x 602.25pt>
File: ../../fig/R0_periods_txh_2x2_cal.pdf Graphic file (type pdf)
<use ../../fig/R0_periods_txh_2x2_cal.pdf>
Package pdftex.def Info: ../../fig/R0_periods_txh_2x2_cal.pdf  used on input line 287.
(pdftex.def)             Requested size: 171.99922pt x 137.59563pt.
<../../fig/R0_rates_txh_4x4_cal.pdf, id=126, 752.8125pt x 602.25pt>
File: ../../fig/R0_rates_txh_4x4_cal.pdf Graphic file (type pdf)
<use ../../fig/R0_rates_txh_4x4_cal.pdf>
Package pdftex.def Info: ../../fig/R0_rates_txh_4x4_cal.pdf  used on input line 288.
(pdftex.def)             Requested size: 171.99922pt x 137.59563pt.
<../../fig/R0_periods_txh_4x4_cal.pdf, id=127, 752.8125pt x 602.25pt>
File: ../../fig/R0_periods_txh_4x4_cal.pdf Graphic file (type pdf)
<use ../../fig/R0_periods_txh_4x4_cal.pdf>
Package pdftex.def Info: ../../fig/R0_periods_txh_4x4_cal.pdf  used on input line 289.
(pdftex.def)             Requested size: 171.99922pt x 137.59563pt.
 [13 <../../fig/a_cal_PLT.pdf>]
<../../fig/R0_rates_SMxST_1x1_cal.pdf, id=133, 752.8125pt x 602.25pt>
File: ../../fig/R0_rates_SMxST_1x1_cal.pdf Graphic file (type pdf)
<use ../../fig/R0_rates_SMxST_1x1_cal.pdf>
Package pdftex.def Info: ../../fig/R0_rates_SMxST_1x1_cal.pdf  used on input line 295.
(pdftex.def)             Requested size: 171.99922pt x 137.59563pt.
<../../fig/R0_periods_SMxST_1x1_cal.pdf, id=134, 752.8125pt x 602.25pt>
File: ../../fig/R0_periods_SMxST_1x1_cal.pdf Graphic file (type pdf)
<use ../../fig/R0_periods_SMxST_1x1_cal.pdf>
Package pdftex.def Info: ../../fig/R0_periods_SMxST_1x1_cal.pdf  used on input line 296.
(pdftex.def)             Requested size: 171.99922pt x 137.59563pt.
<../../fig/R0_rates_SMxST_2x2_cal.pdf, id=135, 752.8125pt x 602.25pt>
File: ../../fig/R0_rates_SMxST_2x2_cal.pdf Graphic file (type pdf)
<use ../../fig/R0_rates_SMxST_2x2_cal.pdf>
Package pdftex.def Info: ../../fig/R0_rates_SMxST_2x2_cal.pdf  used on input line 297.
(pdftex.def)             Requested size: 171.99922pt x 137.59563pt.
<../../fig/R0_periods_SMxST_2x2_cal.pdf, id=136, 752.8125pt x 602.25pt>
File: ../../fig/R0_periods_SMxST_2x2_cal.pdf Graphic file (type pdf)
<use ../../fig/R0_periods_SMxST_2x2_cal.pdf>
Package pdftex.def Info: ../../fig/R0_periods_SMxST_2x2_cal.pdf  used on input line 298.
(pdftex.def)             Requested size: 171.99922pt x 137.59563pt.
<../../fig/R0_rates_SMxST_4x4_cal.pdf, id=137, 752.8125pt x 602.25pt>
File: ../../fig/R0_rates_SMxST_4x4_cal.pdf Graphic file (type pdf)
<use ../../fig/R0_rates_SMxST_4x4_cal.pdf>
Package pdftex.def Info: ../../fig/R0_rates_SMxST_4x4_cal.pdf  used on input line 299.
(pdftex.def)             Requested size: 171.99922pt x 137.59563pt.
<../../fig/R0_periods_SMxST_4x4_cal.pdf, id=138, 752.8125pt x 602.25pt>
File: ../../fig/R0_periods_SMxST_4x4_cal.pdf Graphic file (type pdf)
<use ../../fig/R0_periods_SMxST_4x4_cal.pdf>
Package pdftex.def Info: ../../fig/R0_periods_SMxST_4x4_cal.pdf  used on input line 300.
(pdftex.def)             Requested size: 171.99922pt x 137.59563pt.
 [14 <../../fig/R0_rates_txh_1x1_cal.pdf> <../../fig/R0_periods_txh_1x1_cal.pdf> <../../fig/R0_rates_txh_2x2_cal.pdf> <../../fig/R0_periods_txh_2x2_cal.pdf> <../../fig/R0_rates_txh_4x4_cal.pdf> <../../fig/R0_periods_txh_4x4_cal.pdf>]
<../../fig/Ih_rates_txh_1x1_cal.pdf, id=148, 752.8125pt x 602.25pt>
File: ../../fig/Ih_rates_txh_1x1_cal.pdf Graphic file (type pdf)
<use ../../fig/Ih_rates_txh_1x1_cal.pdf>
Package pdftex.def Info: ../../fig/Ih_rates_txh_1x1_cal.pdf  used on input line 306.
(pdftex.def)             Requested size: 171.99922pt x 137.59563pt.
<../../fig/Ih_periods_txh_1x1_cal.pdf, id=149, 752.8125pt x 602.25pt>
File: ../../fig/Ih_periods_txh_1x1_cal.pdf Graphic file (type pdf)
<use ../../fig/Ih_periods_txh_1x1_cal.pdf>
Package pdftex.def Info: ../../fig/Ih_periods_txh_1x1_cal.pdf  used on input line 307.
(pdftex.def)             Requested size: 171.99922pt x 137.59563pt.
<../../fig/Ih_rates_txh_2x2_cal.pdf, id=150, 752.8125pt x 602.25pt>
File: ../../fig/Ih_rates_txh_2x2_cal.pdf Graphic file (type pdf)
<use ../../fig/Ih_rates_txh_2x2_cal.pdf>
Package pdftex.def Info: ../../fig/Ih_rates_txh_2x2_cal.pdf  used on input line 308.
(pdftex.def)             Requested size: 171.99922pt x 137.59563pt.
<../../fig/Ih_periods_txh_2x2_cal.pdf, id=151, 752.8125pt x 602.25pt>
File: ../../fig/Ih_periods_txh_2x2_cal.pdf Graphic file (type pdf)
<use ../../fig/Ih_periods_txh_2x2_cal.pdf>
Package pdftex.def Info: ../../fig/Ih_periods_txh_2x2_cal.pdf  used on input line 309.
(pdftex.def)             Requested size: 171.99922pt x 137.59563pt.
<../../fig/Ih_rates_txh_4x4_cal.pdf, id=152, 752.8125pt x 602.25pt>
File: ../../fig/Ih_rates_txh_4x4_cal.pdf Graphic file (type pdf)
<use ../../fig/Ih_rates_txh_4x4_cal.pdf>
Package pdftex.def Info: ../../fig/Ih_rates_txh_4x4_cal.pdf  used on input line 310.
(pdftex.def)             Requested size: 171.99922pt x 137.59563pt.
<../../fig/Ih_periods_txh_4x4_cal.pdf, id=153, 752.8125pt x 602.25pt>
File: ../../fig/Ih_periods_txh_4x4_cal.pdf Graphic file (type pdf)
<use ../../fig/Ih_periods_txh_4x4_cal.pdf>
Package pdftex.def Info: ../../fig/Ih_periods_txh_4x4_cal.pdf  used on input line 311.
(pdftex.def)             Requested size: 171.99922pt x 137.59563pt.
 [15 <../../fig/R0_rates_SMxST_1x1_cal.pdf> <../../fig/R0_periods_SMxST_1x1_cal.pdf> <../../fig/R0_rates_SMxST_2x2_cal.pdf> <../../fig/R0_periods_SMxST_2x2_cal.pdf> <../../fig/R0_rates_SMxST_4x4_cal.pdf> <../../fig/R0_periods_SMxST_4x4_cal.pdf>]
<../../fig/Ih_rates_SMxST_1x1_cal.pdf, id=163, 752.8125pt x 602.25pt>
File: ../../fig/Ih_rates_SMxST_1x1_cal.pdf Graphic file (type pdf)
<use ../../fig/Ih_rates_SMxST_1x1_cal.pdf>
Package pdftex.def Info: ../../fig/Ih_rates_SMxST_1x1_cal.pdf  used on input line 317.
(pdftex.def)             Requested size: 171.99922pt x 137.59563pt.
<../../fig/Ih_periods_SMxST_1x1_cal.pdf, id=164, 752.8125pt x 602.25pt>
File: ../../fig/Ih_periods_SMxST_1x1_cal.pdf Graphic file (type pdf)
<use ../../fig/Ih_periods_SMxST_1x1_cal.pdf>
Package pdftex.def Info: ../../fig/Ih_periods_SMxST_1x1_cal.pdf  used on input line 318.
(pdftex.def)             Requested size: 171.99922pt x 137.59563pt.
<../../fig/Ih_rates_SMxST_4x4_cal.pdf, id=165, 752.8125pt x 602.25pt>
File: ../../fig/Ih_rates_SMxST_4x4_cal.pdf Graphic file (type pdf)
<use ../../fig/Ih_rates_SMxST_4x4_cal.pdf>
Package pdftex.def Info: ../../fig/Ih_rates_SMxST_4x4_cal.pdf  used on input line 319.
(pdftex.def)             Requested size: 171.99922pt x 137.59563pt.
<../../fig/Ih_periods_SMxST_4x4_cal.pdf, id=166, 752.8125pt x 602.25pt>
File: ../../fig/Ih_periods_SMxST_4x4_cal.pdf Graphic file (type pdf)
<use ../../fig/Ih_periods_SMxST_4x4_cal.pdf>
Package pdftex.def Info: ../../fig/Ih_periods_SMxST_4x4_cal.pdf  used on input line 320.
(pdftex.def)             Requested size: 171.99922pt x 137.59563pt.
 [16 <../../fig/IH_rates_txh_1x1_cal.pdf> <../../fig/IH_periods_txh_1x1_cal.pdf> <../../fig/IH_rates_txh_2x2_cal.pdf> <../../fig/IH_periods_txh_2x2_cal.pdf> <../../fig/IH_rates_txh_4x4_cal.pdf> <../../fig/IH_periods_txh_4x4_cal.pdf>] [17 <../../fig/IH_rates_SMxST_1x1_cal.pdf> <../../fig/IH_periods_SMxST_1x1_cal.pdf> <../../fig/IH_rates_SMxST_4x4_cal.pdf> <../../fig/IH_periods_SMxST_4x4_cal.pdf>] (./report-4.aux)
 ***********
LaTeX2e <2023-11-01>
L3 programming layer <2023-11-01>
 ***********
 ) 
Here is how much of TeX's memory you used:
 3741 strings out of 474272
 66483 string characters out of 5751547
 1940533 words of memory out of 5000000
 25918 multiletter control sequences out of 15000+600000
 570312 words of font info for 83 fonts, out of 8000000 for 9000
 1141 hyphenation exceptions out of 8191
 57i,11n,65p,756b,233s stack positions out of 10000i,1000n,20000p,200000b,200000s
<c:/texlive/2023/texmf-dist/fonts/type1/public/amsfonts/cm/cmbx10.pfb><c:/texlive/2023/texmf-dist/fonts/type1/public/amsfonts/cm/cmbx12.pfb><c:/texlive/2023/texmf-dist/fonts/type1/public/amsfonts/cm/cmex10.pfb><c:/texlive/2023/texmf-dist/fonts/type1/public/amsfonts/cm/cmmi10.pfb><c:/texlive/2023/texmf-dist/fonts/type1/public/amsfonts/cm/cmmi12.pfb><c:/texlive/2023/texmf-dist/fonts/type1/public/amsfonts/cm/cmmi6.pfb><c:/texlive/2023/texmf-dist/fonts/type1/public/amsfonts/cm/cmmi7.pfb><c:/texlive/2023/texmf-dist/fonts/type1/public/amsfonts/cm/cmmi8.pfb><c:/texlive/2023/texmf-dist/fonts/type1/public/amsfonts/cm/cmr10.pfb><c:/texlive/2023/texmf-dist/fonts/type1/public/amsfonts/cm/cmr17.pfb><c:/texlive/2023/texmf-dist/fonts/type1/public/amsfonts/cm/cmr7.pfb><c:/texlive/2023/texmf-dist/fonts/type1/public/amsfonts/cm/cmr8.pfb><c:/texlive/2023/texmf-dist/fonts/type1/public/amsfonts/cm/cmsy10.pfb><c:/texlive/2023/texmf-dist/fonts/type1/public/amsfonts/cm/cmsy8.pfb><c:/texlive/2023/texmf-dist/fonts/type1/public/amsfonts/cm/cmti10.pfb>
Output written on report-4.pdf (17 pages, 7086768 bytes).
PDF statistics:
 247 PDF objects out of 1000 (max. 8388607)
 140 compressed objects within 2 object streams
 0 named destinations out of 1000 (max. 500000)
 281 words of extra memory for PDF output out of 10000 (max. 10000000)

