This is pdfTeX, Version 3.141592653-2.6-1.40.25 (TeX Live 2023) (preloaded format=pdflatex 2023.11.12)  15 APR 2025 01:21
entering extended mode
 restricted \write18 enabled.
 file:line:error style messages enabled.
 %&-line parsing enabled.
**c:/Users/shahm/OneDrive/Documents/GitHub/Malaria-Treatment-Model/doc/report-3/report-3.tex
(c:/Users/shahm/OneDrive/Documents/GitHub/Malaria-Treatment-Model/doc/report-3/report-3.tex
LaTeX2e <2023-11-01>
L3 programming layer <2023-11-01>
(c:/texlive/2023/texmf-dist/tex/latex/base/article.cls
Document Class: article 2023/05/17 v1.4n Standard LaTeX document class
(c:/texlive/2023/texmf-dist/tex/latex/base/size12.clo
File: size12.clo 2023/05/17 v1.4n Standard LaTeX file (size option)
)
\c@part=\count186
\c@section=\count187
\c@subsection=\count188
\c@subsubsection=\count189
\c@paragraph=\count190
\c@subparagraph=\count191
\c@figure=\count192
\c@table=\count193
\abovecaptionskip=\skip48
\belowcaptionskip=\skip49
\bibindent=\dimen140
) (c:/texlive/2023/texmf-dist/tex/latex/amsmath/amsmath.sty
Package: amsmath 2023/05/13 v2.17o AMS math features
\@mathmargin=\skip50

For additional information on amsmath, use the `?' option.
(c:/texlive/2023/texmf-dist/tex/latex/amsmath/amstext.sty
Package: amstext 2021/08/26 v2.01 AMS text
 (c:/texlive/2023/texmf-dist/tex/latex/amsmath/amsgen.sty
File: amsgen.sty 1999/11/30 v2.0 generic functions
\@emptytoks=\toks17
\ex@=\dimen141
)) (c:/texlive/2023/texmf-dist/tex/latex/amsmath/amsbsy.sty
Package: amsbsy 1999/11/29 v1.2d Bold Symbols
\pmbraise@=\dimen142
) (c:/texlive/2023/texmf-dist/tex/latex/amsmath/amsopn.sty
Package: amsopn 2022/04/08 v2.04 operator names
)
\inf@bad=\count194
LaTeX Info: Redefining \frac on input line 234.
\uproot@=\count195
\leftroot@=\count196
LaTeX Info: Redefining \overline on input line 399.
LaTeX Info: Redefining \colon on input line 410.
\classnum@=\count197
\DOTSCASE@=\count198
LaTeX Info: Redefining \ldots on input line 496.
LaTeX Info: Redefining \dots on input line 499.
LaTeX Info: Redefining \cdots on input line 620.
\Mathstrutbox@=\box51
\strutbox@=\box52
LaTeX Info: Redefining \big on input line 722.
LaTeX Info: Redefining \Big on input line 723.
LaTeX Info: Redefining \bigg on input line 724.
LaTeX Info: Redefining \Bigg on input line 725.
\big@size=\dimen143
LaTeX Font Info:    Redeclaring font encoding OML on input line 743.
LaTeX Font Info:    Redeclaring font encoding OMS on input line 744.
\macc@depth=\count199
LaTeX Info: Redefining \bmod on input line 905.
LaTeX Info: Redefining \pmod on input line 910.
LaTeX Info: Redefining \smash on input line 940.
LaTeX Info: Redefining \relbar on input line 970.
LaTeX Info: Redefining \Relbar on input line 971.
\c@MaxMatrixCols=\count266
\dotsspace@=\muskip16
\c@parentequation=\count267
\dspbrk@lvl=\count268
\tag@help=\toks18
\row@=\count269
\column@=\count270
\maxfields@=\count271
\andhelp@=\toks19
\eqnshift@=\dimen144
\alignsep@=\dimen145
\tagshift@=\dimen146
\tagwidth@=\dimen147
\totwidth@=\dimen148
\lineht@=\dimen149
\@envbody=\toks20
\multlinegap=\skip51
\multlinetaggap=\skip52
\mathdisplay@stack=\toks21
LaTeX Info: Redefining \[ on input line 2953.
LaTeX Info: Redefining \] on input line 2954.
) (c:/texlive/2023/texmf-dist/tex/latex/amsfonts/amssymb.sty
Package: amssymb 2013/01/14 v3.01 AMS font symbols
 (c:/texlive/2023/texmf-dist/tex/latex/amsfonts/amsfonts.sty
Package: amsfonts 2013/01/14 v3.01 Basic AMSFonts support
\symAMSa=\mathgroup4
\symAMSb=\mathgroup5
LaTeX Font Info:    Redeclaring math symbol \hbar on input line 98.
LaTeX Font Info:    Overwriting math alphabet `\mathfrak' in version `bold'
(Font)                  U/euf/m/n --> U/euf/b/n on input line 106.
)) (c:/texlive/2023/texmf-dist/tex/latex/amscls/amsthm.sty
Package: amsthm 2020/05/29 v2.20.6
\thm@style=\toks22
\thm@bodyfont=\toks23
\thm@headfont=\toks24
\thm@notefont=\toks25
\thm@headpunct=\toks26
\thm@preskip=\skip53
\thm@postskip=\skip54
\thm@headsep=\skip55
\dth@everypar=\toks27
) (c:/texlive/2023/texmf-dist/tex/latex/geometry/geometry.sty
Package: geometry 2020/01/02 v5.9 Page Geometry
 (c:/texlive/2023/texmf-dist/tex/latex/graphics/keyval.sty
Package: keyval 2022/05/29 v1.15 key=value parser (DPC)
\KV@toks@=\toks28
) (c:/texlive/2023/texmf-dist/tex/generic/iftex/ifvtex.sty
Package: ifvtex 2019/10/25 v1.7 ifvtex legacy package. Use iftex instead.
 (c:/texlive/2023/texmf-dist/tex/generic/iftex/iftex.sty
Package: iftex 2022/02/03 v1.0f TeX engine tests
))
\Gm@cnth=\count272
\Gm@cntv=\count273
\c@Gm@tempcnt=\count274
\Gm@bindingoffset=\dimen150
\Gm@wd@mp=\dimen151
\Gm@odd@mp=\dimen152
\Gm@even@mp=\dimen153
\Gm@layoutwidth=\dimen154
\Gm@layoutheight=\dimen155
\Gm@layouthoffset=\dimen156
\Gm@layoutvoffset=\dimen157
\Gm@dimlist=\toks29
) (c:/texlive/2023/texmf-dist/tex/latex/graphics/graphicx.sty
Package: graphicx 2021/09/16 v1.2d Enhanced LaTeX Graphics (DPC,SPQR)
 (c:/texlive/2023/texmf-dist/tex/latex/graphics/graphics.sty
Package: graphics 2022/03/10 v1.4e Standard LaTeX Graphics (DPC,SPQR)
 (c:/texlive/2023/texmf-dist/tex/latex/graphics/trig.sty
Package: trig 2021/08/11 v1.11 sin cos tan (DPC)
) (c:/texlive/2023/texmf-dist/tex/latex/graphics-cfg/graphics.cfg
File: graphics.cfg 2016/06/04 v1.11 sample graphics configuration
)
Package graphics Info: Driver file: pdftex.def on input line 107.
 (c:/texlive/2023/texmf-dist/tex/latex/graphics-def/pdftex.def
File: pdftex.def 2022/09/22 v1.2b Graphics/color driver for pdftex
))
\Gin@req@height=\dimen158
\Gin@req@width=\dimen159
) (c:/texlive/2023/texmf-dist/tex/latex/cite/cite.sty
LaTeX Info: Redefining \cite on input line 302.
LaTeX Info: Redefining \nocite on input line 332.
Package: cite 2015/02/27  v 5.5
) (c:/texlive/2023/texmf-dist/tex/latex/float/float.sty
Package: float 2001/11/08 v1.3d Float enhancements (AL)
\c@float@type=\count275
\float@exts=\toks30
\float@box=\box53
\@float@everytoks=\toks31
\@floatcapt=\box54
) (c:/texlive/2023/texmf-dist/tex/latex/l3backend/l3backend-pdftex.def
File: l3backend-pdftex.def 2023-11-04 L3 backend support: PDF output (pdfTeX)
\l__color_backend_stack_int=\count276
\l__pdf_internal_box=\box55
) (./report-3.aux)
\openout1 = `report-3.aux'.

LaTeX Font Info:    Checking defaults for OML/cmm/m/it on input line 12.
LaTeX Font Info:    ... okay on input line 12.
LaTeX Font Info:    Checking defaults for OMS/cmsy/m/n on input line 12.
LaTeX Font Info:    ... okay on input line 12.
LaTeX Font Info:    Checking defaults for OT1/cmr/m/n on input line 12.
LaTeX Font Info:    ... okay on input line 12.
LaTeX Font Info:    Checking defaults for T1/cmr/m/n on input line 12.
LaTeX Font Info:    ... okay on input line 12.
LaTeX Font Info:    Checking defaults for TS1/cmr/m/n on input line 12.
LaTeX Font Info:    ... okay on input line 12.
LaTeX Font Info:    Checking defaults for OMX/cmex/m/n on input line 12.
LaTeX Font Info:    ... okay on input line 12.
LaTeX Font Info:    Checking defaults for U/cmr/m/n on input line 12.
LaTeX Font Info:    ... okay on input line 12.

*geometry* driver: auto-detecting
*geometry* detected driver: pdftex
*geometry* verbose mode - [ preamble ] result:
* driver: pdftex
* paper: <default>
* layout: <same size as paper>
* layoutoffset:(h,v)=(0.0pt,0.0pt)
* modes: 
* h-part:(L,W,R)=(92.14519pt, 430.00462pt, 92.14519pt)
* v-part:(T,H,B)=(95.39737pt, 556.47656pt, 143.09605pt)
* \paperwidth=614.295pt
* \paperheight=794.96999pt
* \textwidth=430.00462pt
* \textheight=556.47656pt
* \oddsidemargin=19.8752pt
* \evensidemargin=19.8752pt
* \topmargin=-13.87262pt
* \headheight=12.0pt
* \headsep=25.0pt
* \topskip=12.0pt
* \footskip=30.0pt
* \marginparwidth=44.0pt
* \marginparsep=10.0pt
* \columnsep=10.0pt
* \skip\footins=10.8pt plus 4.0pt minus 2.0pt
* \hoffset=0.0pt
* \voffset=0.0pt
* \mag=1000
* \@twocolumnfalse
* \@twosidefalse
* \@mparswitchfalse
* \@reversemarginfalse
* (1in=72.27pt=25.4mm, 1cm=28.453pt)

(c:/texlive/2023/texmf-dist/tex/context/base/mkii/supp-pdf.mkii
[Loading MPS to PDF converter (version 2006.09.02).]
\scratchcounter=\count277
\scratchdimen=\dimen160
\scratchbox=\box56
\nofMPsegments=\count278
\nofMParguments=\count279
\everyMPshowfont=\toks32
\MPscratchCnt=\count280
\MPscratchDim=\dimen161
\MPnumerator=\count281
\makeMPintoPDFobject=\count282
\everyMPtoPDFconversion=\toks33
) (c:/texlive/2023/texmf-dist/tex/latex/epstopdf-pkg/epstopdf-base.sty
Package: epstopdf-base 2020-01-24 v2.11 Base part for package epstopdf
Package epstopdf-base Info: Redefining graphics rule for `.eps' on input line 485.
 (c:/texlive/2023/texmf-dist/tex/latex/latexconfig/epstopdf-sys.cfg
File: epstopdf-sys.cfg 2010/07/13 v1.3 Configuration of (r)epstopdf for TeX Live
))
LaTeX Font Info:    Trying to load font information for U+msa on input line 13.
 (c:/texlive/2023/texmf-dist/tex/latex/amsfonts/umsa.fd
File: umsa.fd 2013/01/14 v3.01 AMS symbols A
)
LaTeX Font Info:    Trying to load font information for U+msb on input line 13.
 (c:/texlive/2023/texmf-dist/tex/latex/amsfonts/umsb.fd
File: umsb.fd 2013/01/14 v3.01 AMS symbols B
) [1

{c:/texlive/2023/texmf-var/fonts/map/pdftex/updmap/pdftex.map}] [2{c:/texlive/2023/texmf-dist/fonts/enc/dvips/cm-super/cm-super-ts1.enc}] [3]
<../../fig/gen_model/R0_rates_txh_1x1.pdf, id=26, 602.25pt x 501.875pt>
File: ../../fig/gen_model/R0_rates_txh_1x1.pdf Graphic file (type pdf)
<use ../../fig/gen_model/R0_rates_txh_1x1.pdf>
Package pdftex.def Info: ../../fig/gen_model/R0_rates_txh_1x1.pdf  used on input line 141.
(pdftex.def)             Requested size: 171.99922pt x 143.33452pt.
<../../fig/gen_model/R0_periods_txh_1x1.pdf, id=27, 602.25pt x 501.875pt>
File: ../../fig/gen_model/R0_periods_txh_1x1.pdf Graphic file (type pdf)
<use ../../fig/gen_model/R0_periods_txh_1x1.pdf>
Package pdftex.def Info: ../../fig/gen_model/R0_periods_txh_1x1.pdf  used on input line 142.
(pdftex.def)             Requested size: 171.99922pt x 143.33452pt.
<../../fig/gen_model/R0_rates_txh_2x2.pdf, id=28, 602.25pt x 501.875pt>
File: ../../fig/gen_model/R0_rates_txh_2x2.pdf Graphic file (type pdf)
<use ../../fig/gen_model/R0_rates_txh_2x2.pdf>
Package pdftex.def Info: ../../fig/gen_model/R0_rates_txh_2x2.pdf  used on input line 143.
(pdftex.def)             Requested size: 171.99922pt x 143.33452pt.
<../../fig/gen_model/R0_periods_txh_2x2.pdf, id=29, 602.25pt x 501.875pt>
File: ../../fig/gen_model/R0_periods_txh_2x2.pdf Graphic file (type pdf)
<use ../../fig/gen_model/R0_periods_txh_2x2.pdf>
Package pdftex.def Info: ../../fig/gen_model/R0_periods_txh_2x2.pdf  used on input line 144.
(pdftex.def)             Requested size: 171.99922pt x 143.33452pt.
<../../fig/gen_model/R0_rates_txh_4x4.pdf, id=30, 602.25pt x 501.875pt>
File: ../../fig/gen_model/R0_rates_txh_4x4.pdf Graphic file (type pdf)
<use ../../fig/gen_model/R0_rates_txh_4x4.pdf>
Package pdftex.def Info: ../../fig/gen_model/R0_rates_txh_4x4.pdf  used on input line 145.
(pdftex.def)             Requested size: 171.99922pt x 143.33452pt.
<../../fig/gen_model/R0_periods_txh_4x4.pdf, id=31, 602.25pt x 501.875pt>
File: ../../fig/gen_model/R0_periods_txh_4x4.pdf Graphic file (type pdf)
<use ../../fig/gen_model/R0_periods_txh_4x4.pdf>
Package pdftex.def Info: ../../fig/gen_model/R0_periods_txh_4x4.pdf  used on input line 146.
(pdftex.def)             Requested size: 171.99922pt x 143.33452pt.
 [4]
<../../fig/gen_model/R0_rates_SMxST_1x1.pdf, id=35, 602.25pt x 501.875pt>
File: ../../fig/gen_model/R0_rates_SMxST_1x1.pdf Graphic file (type pdf)
<use ../../fig/gen_model/R0_rates_SMxST_1x1.pdf>
Package pdftex.def Info: ../../fig/gen_model/R0_rates_SMxST_1x1.pdf  used on input line 152.
(pdftex.def)             Requested size: 171.99922pt x 143.33452pt.
<../../fig/gen_model/R0_periods_SMxST_1x1.pdf, id=36, 602.25pt x 501.875pt>
File: ../../fig/gen_model/R0_periods_SMxST_1x1.pdf Graphic file (type pdf)
<use ../../fig/gen_model/R0_periods_SMxST_1x1.pdf>
Package pdftex.def Info: ../../fig/gen_model/R0_periods_SMxST_1x1.pdf  used on input line 153.
(pdftex.def)             Requested size: 171.99922pt x 143.33452pt.
<../../fig/gen_model/R0_rates_SMxST_2x2.pdf, id=37, 602.25pt x 501.875pt>
File: ../../fig/gen_model/R0_rates_SMxST_2x2.pdf Graphic file (type pdf)
<use ../../fig/gen_model/R0_rates_SMxST_2x2.pdf>
Package pdftex.def Info: ../../fig/gen_model/R0_rates_SMxST_2x2.pdf  used on input line 154.
(pdftex.def)             Requested size: 171.99922pt x 143.33452pt.
<../../fig/gen_model/R0_periods_SMxST_2x2.pdf, id=38, 602.25pt x 501.875pt>
File: ../../fig/gen_model/R0_periods_SMxST_2x2.pdf Graphic file (type pdf)
<use ../../fig/gen_model/R0_periods_SMxST_2x2.pdf>
Package pdftex.def Info: ../../fig/gen_model/R0_periods_SMxST_2x2.pdf  used on input line 155.
(pdftex.def)             Requested size: 171.99922pt x 143.33452pt.
<../../fig/gen_model/R0_rates_SMxST_4x4.pdf, id=39, 602.25pt x 501.875pt>
File: ../../fig/gen_model/R0_rates_SMxST_4x4.pdf Graphic file (type pdf)
<use ../../fig/gen_model/R0_rates_SMxST_4x4.pdf>
Package pdftex.def Info: ../../fig/gen_model/R0_rates_SMxST_4x4.pdf  used on input line 156.
(pdftex.def)             Requested size: 171.99922pt x 143.33452pt.
<../../fig/gen_model/R0_periods_SMxST_4x4.pdf, id=40, 602.25pt x 501.875pt>
File: ../../fig/gen_model/R0_periods_SMxST_4x4.pdf Graphic file (type pdf)
<use ../../fig/gen_model/R0_periods_SMxST_4x4.pdf>
Package pdftex.def Info: ../../fig/gen_model/R0_periods_SMxST_4x4.pdf  used on input line 157.
(pdftex.def)             Requested size: 171.99922pt x 143.33452pt.
 [5 <../../fig/gen_model/R0_rates_txh_1x1.pdf> <../../fig/gen_model/R0_periods_txh_1x1.pdf> <../../fig/gen_model/R0_rates_txh_2x2.pdf> <../../fig/gen_model/R0_periods_txh_2x2.pdf> <../../fig/gen_model/R0_rates_txh_4x4.pdf> <../../fig/gen_model/R0_periods_txh_4x4.pdf>]
<../../fig/gen_model/R0_NLMxNLT.pdf, id=50, 602.25pt x 501.875pt>
File: ../../fig/gen_model/R0_NLMxNLT.pdf Graphic file (type pdf)
<use ../../fig/gen_model/R0_NLMxNLT.pdf>
Package pdftex.def Info: ../../fig/gen_model/R0_NLMxNLT.pdf  used on input line 163.
(pdftex.def)             Requested size: 171.99922pt x 143.33452pt.
 [6 <../../fig/gen_model/R0_rates_SMxST_1x1.pdf> <../../fig/gen_model/R0_periods_SMxST_1x1.pdf> <../../fig/gen_model/R0_rates_SMxST_2x2.pdf> <../../fig/gen_model/R0_periods_SMxST_2x2.pdf> <../../fig/gen_model/R0_rates_SMxST_4x4.pdf> <../../fig/gen_model/R0_periods_SMxST_4x4.pdf>]
<../../fig/gen_model/IH_rates_txh_1x1.pdf, id=60, 602.25pt x 501.875pt>
File: ../../fig/gen_model/IH_rates_txh_1x1.pdf Graphic file (type pdf)
<use ../../fig/gen_model/IH_rates_txh_1x1.pdf>
Package pdftex.def Info: ../../fig/gen_model/IH_rates_txh_1x1.pdf  used on input line 171.
(pdftex.def)             Requested size: 171.99922pt x 143.33452pt.
<../../fig/gen_model/IH_periods_txh_1x1.pdf, id=61, 602.25pt x 501.875pt>
File: ../../fig/gen_model/IH_periods_txh_1x1.pdf Graphic file (type pdf)
<use ../../fig/gen_model/IH_periods_txh_1x1.pdf>
Package pdftex.def Info: ../../fig/gen_model/IH_periods_txh_1x1.pdf  used on input line 172.
(pdftex.def)             Requested size: 171.99922pt x 143.33452pt.
<../../fig/gen_model/IH_rates_txh_2x2.pdf, id=62, 602.25pt x 501.875pt>
File: ../../fig/gen_model/IH_rates_txh_2x2.pdf Graphic file (type pdf)
<use ../../fig/gen_model/IH_rates_txh_2x2.pdf>
Package pdftex.def Info: ../../fig/gen_model/IH_rates_txh_2x2.pdf  used on input line 173.
(pdftex.def)             Requested size: 171.99922pt x 143.33452pt.
<../../fig/gen_model/IH_periods_txh_2x2.pdf, id=63, 602.25pt x 501.875pt>
File: ../../fig/gen_model/IH_periods_txh_2x2.pdf Graphic file (type pdf)
<use ../../fig/gen_model/IH_periods_txh_2x2.pdf>
Package pdftex.def Info: ../../fig/gen_model/IH_periods_txh_2x2.pdf  used on input line 174.
(pdftex.def)             Requested size: 171.99922pt x 143.33452pt.
<../../fig/gen_model/IH_rates_txh_4x4.pdf, id=64, 602.25pt x 501.875pt>
File: ../../fig/gen_model/IH_rates_txh_4x4.pdf Graphic file (type pdf)
<use ../../fig/gen_model/IH_rates_txh_4x4.pdf>
Package pdftex.def Info: ../../fig/gen_model/IH_rates_txh_4x4.pdf  used on input line 175.
(pdftex.def)             Requested size: 171.99922pt x 143.33452pt.
<../../fig/gen_model/IH_periods_txh_4x4.pdf, id=65, 602.25pt x 501.875pt>
File: ../../fig/gen_model/IH_periods_txh_4x4.pdf Graphic file (type pdf)
<use ../../fig/gen_model/IH_periods_txh_4x4.pdf>
Package pdftex.def Info: ../../fig/gen_model/IH_periods_txh_4x4.pdf  used on input line 176.
(pdftex.def)             Requested size: 171.99922pt x 143.33452pt.
 [7 <../../fig/gen_model/R0_NLMxNLT.pdf>]
<../../fig/gen_model/IH_rates_SMxST_1x1.pdf, id=71, 602.25pt x 501.875pt>
File: ../../fig/gen_model/IH_rates_SMxST_1x1.pdf Graphic file (type pdf)
<use ../../fig/gen_model/IH_rates_SMxST_1x1.pdf>
Package pdftex.def Info: ../../fig/gen_model/IH_rates_SMxST_1x1.pdf  used on input line 182.
(pdftex.def)             Requested size: 171.99922pt x 143.33452pt.
<../../fig/gen_model/IH_periods_SMxST_1x1.pdf, id=72, 602.25pt x 501.875pt>
File: ../../fig/gen_model/IH_periods_SMxST_1x1.pdf Graphic file (type pdf)
<use ../../fig/gen_model/IH_periods_SMxST_1x1.pdf>
Package pdftex.def Info: ../../fig/gen_model/IH_periods_SMxST_1x1.pdf  used on input line 183.
(pdftex.def)             Requested size: 171.99922pt x 143.33452pt.
<../../fig/gen_model/IH_rates_SMxST_2x2.pdf, id=73, 602.25pt x 501.875pt>
File: ../../fig/gen_model/IH_rates_SMxST_2x2.pdf Graphic file (type pdf)
<use ../../fig/gen_model/IH_rates_SMxST_2x2.pdf>
Package pdftex.def Info: ../../fig/gen_model/IH_rates_SMxST_2x2.pdf  used on input line 184.
(pdftex.def)             Requested size: 171.99922pt x 143.33452pt.
<../../fig/gen_model/IH_periods_SMxST_2x2.pdf, id=74, 602.25pt x 501.875pt>
File: ../../fig/gen_model/IH_periods_SMxST_2x2.pdf Graphic file (type pdf)
<use ../../fig/gen_model/IH_periods_SMxST_2x2.pdf>
Package pdftex.def Info: ../../fig/gen_model/IH_periods_SMxST_2x2.pdf  used on input line 185.
(pdftex.def)             Requested size: 171.99922pt x 143.33452pt.
<../../fig/gen_model/IH_rates_SMxST_4x4.pdf, id=75, 602.25pt x 501.875pt>
File: ../../fig/gen_model/IH_rates_SMxST_4x4.pdf Graphic file (type pdf)
<use ../../fig/gen_model/IH_rates_SMxST_4x4.pdf>
Package pdftex.def Info: ../../fig/gen_model/IH_rates_SMxST_4x4.pdf  used on input line 186.
(pdftex.def)             Requested size: 171.99922pt x 143.33452pt.
<../../fig/gen_model/IH_periods_SMxST_4x4.pdf, id=76, 602.25pt x 501.875pt>
File: ../../fig/gen_model/IH_periods_SMxST_4x4.pdf Graphic file (type pdf)
<use ../../fig/gen_model/IH_periods_SMxST_4x4.pdf>
Package pdftex.def Info: ../../fig/gen_model/IH_periods_SMxST_4x4.pdf  used on input line 187.
(pdftex.def)             Requested size: 171.99922pt x 143.33452pt.
 [8 <../../fig/gen_model/IH_rates_txh_1x1.pdf> <../../fig/gen_model/IH_periods_txh_1x1.pdf> <../../fig/gen_model/IH_rates_txh_2x2.pdf> <../../fig/gen_model/IH_periods_txh_2x2.pdf> <../../fig/gen_model/IH_rates_txh_4x4.pdf> <../../fig/gen_model/IH_periods_txh_4x4.pdf>] [9 <../../fig/gen_model/IH_rates_SMxST_1x1.pdf> <../../fig/gen_model/IH_periods_SMxST_1x1.pdf> <../../fig/gen_model/IH_rates_SMxST_2x2.pdf> <../../fig/gen_model/IH_periods_SMxST_2x2.pdf> <../../fig/gen_model/IH_rates_SMxST_4x4.pdf> <../../fig/gen_model/IH_periods_SMxST_4x4.pdf>] (./report-3.aux)
 ***********
LaTeX2e <2023-11-01>
L3 programming layer <2023-11-01>
 ***********
 ) 
Here is how much of TeX's memory you used:
 3553 strings out of 474272
 58101 string characters out of 5751547
 1935533 words of memory out of 5000000
 25733 multiletter control sequences out of 15000+600000
 571201 words of font info for 86 fonts, out of 8000000 for 9000
 1141 hyphenation exceptions out of 8191
 57i,12n,65p,916b,235s stack positions out of 10000i,1000n,20000p,200000b,200000s
<c:/texlive/2023/texmf-dist/fonts/type1/public/amsfonts/cm/cmbx10.pfb><c:/texlive/2023/texmf-dist/fonts/type1/public/amsfonts/cm/cmbx12.pfb><c:/texlive/2023/texmf-dist/fonts/type1/public/amsfonts/cm/cmex10.pfb><c:/texlive/2023/texmf-dist/fonts/type1/public/amsfonts/cm/cmmi10.pfb><c:/texlive/2023/texmf-dist/fonts/type1/public/amsfonts/cm/cmmi12.pfb><c:/texlive/2023/texmf-dist/fonts/type1/public/amsfonts/cm/cmmi6.pfb><c:/texlive/2023/texmf-dist/fonts/type1/public/amsfonts/cm/cmmi8.pfb><c:/texlive/2023/texmf-dist/fonts/type1/public/amsfonts/cm/cmr10.pfb><c:/texlive/2023/texmf-dist/fonts/type1/public/amsfonts/cm/cmr12.pfb><c:/texlive/2023/texmf-dist/fonts/type1/public/amsfonts/cm/cmr17.pfb><c:/texlive/2023/texmf-dist/fonts/type1/public/amsfonts/cm/cmr8.pfb><c:/texlive/2023/texmf-dist/fonts/type1/public/amsfonts/cm/cmsy10.pfb><c:/texlive/2023/texmf-dist/fonts/type1/public/amsfonts/cm/cmsy8.pfb><c:/texlive/2023/texmf-dist/fonts/type1/public/cm-super/sfrm1200.pfb>
Output written on report-3.pdf (9 pages, 3028809 bytes).
PDF statistics:
 155 PDF objects out of 1000 (max. 8388607)
 90 compressed objects within 1 object stream
 0 named destinations out of 1000 (max. 500000)
 126 words of extra memory for PDF output out of 10000 (max. 10000000)

